{"/Users/arsalanc-v2/blotjson/src/lang/nodejs/src/errorMessages.js": {"path":"/Users/arsalanc-v2/blotjson/src/lang/nodejs/src/errorMessages.js","statementMap":{"0":{"start":{"line":1,"column":0},"end":{"line":1,"column":63}},"1":{"start":{"line":2,"column":0},"end":{"line":2,"column":64}},"2":{"start":{"line":3,"column":0},"end":{"line":3,"column":58}},"3":{"start":{"line":4,"column":0},"end":{"line":5,"column":45}},"4":{"start":{"line":6,"column":0},"end":{"line":7,"column":61}}},"fnMap":{},"branchMap":{},"s":{"0":1,"1":1,"2":1,"3":1,"4":1},"f":{},"b":{},"_coverageSchema":"1a1c01bbd47fc00a2c39e90264f33305004495a9","hash":"bf0a610024852d83a403bf829db983282c0a2e27"}
,"/Users/arsalanc-v2/blotjson/src/lang/nodejs/src/index.js": {"path":"/Users/arsalanc-v2/blotjson/src/lang/nodejs/src/index.js","statementMap":{"0":{"start":{"line":1,"column":13},"end":{"line":1,"column":28}},"1":{"start":{"line":2,"column":13},"end":{"line":2,"column":28}},"2":{"start":{"line":3,"column":11},"end":{"line":3,"column":24}},"3":{"start":{"line":4,"column":13},"end":{"line":4,"column":28}},"4":{"start":{"line":5,"column":24},"end":{"line":5,"column":51}},"5":{"start":{"line":6,"column":15},"end":{"line":6,"column":44}},"6":{"start":{"line":11,"column":23},"end":{"line":11,"column":37}},"7":{"start":{"line":12,"column":23},"end":{"line":12,"column":47}},"8":{"start":{"line":13,"column":24},"end":{"line":13,"column":49}},"9":{"start":{"line":15,"column":17},"end":{"line":15,"column":20}},"10":{"start":{"line":16,"column":23},"end":{"line":16,"column":47}},"11":{"start":{"line":17,"column":22},"end":{"line":17,"column":45}},"12":{"start":{"line":19,"column":21},"end":{"line":19,"column":25}},"13":{"start":{"line":20,"column":13},"end":{"line":20,"column":31}},"14":{"start":{"line":24,"column":17},"end":{"line":24,"column":21}},"15":{"start":{"line":25,"column":17},"end":{"line":25,"column":21}},"16":{"start":{"line":26,"column":16},"end":{"line":26,"column":21}},"17":{"start":{"line":27,"column":11},"end":{"line":27,"column":23}},"18":{"start":{"line":29,"column":18},"end":{"line":29,"column":22}},"19":{"start":{"line":33,"column":20},"end":{"line":33,"column":22}},"20":{"start":{"line":35,"column":16},"end":{"line":39,"column":1}},"21":{"start":{"line":40,"column":0},"end":{"line":40,"column":25}},"22":{"start":{"line":48,"column":2},"end":{"line":48,"column":24}},"23":{"start":{"line":51,"column":2},"end":{"line":62,"column":3}},"24":{"start":{"line":52,"column":4},"end":{"line":52,"column":21}},"25":{"start":{"line":54,"column":4},"end":{"line":54,"column":30}},"26":{"start":{"line":56,"column":4},"end":{"line":56,"column":22}},"27":{"start":{"line":57,"column":4},"end":{"line":57,"column":19}},"28":{"start":{"line":58,"column":9},"end":{"line":62,"column":3}},"29":{"start":{"line":59,"column":4},"end":{"line":59,"column":30}},"30":{"start":{"line":61,"column":4},"end":{"line":61,"column":29}},"31":{"start":{"line":71,"column":2},"end":{"line":71,"column":27}},"32":{"start":{"line":72,"column":2},"end":{"line":72,"column":20}},"33":{"start":{"line":73,"column":2},"end":{"line":73,"column":17}},"34":{"start":{"line":82,"column":2},"end":{"line":84,"column":3}},"35":{"start":{"line":83,"column":4},"end":{"line":83,"column":55}},"36":{"start":{"line":85,"column":2},"end":{"line":85,"column":21}},"37":{"start":{"line":86,"column":2},"end":{"line":86,"column":17}},"38":{"start":{"line":94,"column":2},"end":{"line":112,"column":5}},"39":{"start":{"line":95,"column":4},"end":{"line":111,"column":5}},"40":{"start":{"line":97,"column":8},"end":{"line":97,"column":53}},"41":{"start":{"line":98,"column":8},"end":{"line":98,"column":14}},"42":{"start":{"line":100,"column":8},"end":{"line":100,"column":58}},"43":{"start":{"line":101,"column":8},"end":{"line":101,"column":14}},"44":{"start":{"line":103,"column":8},"end":{"line":103,"column":57}},"45":{"start":{"line":104,"column":8},"end":{"line":104,"column":14}},"46":{"start":{"line":106,"column":8},"end":{"line":108,"column":11}},"47":{"start":{"line":109,"column":8},"end":{"line":109,"column":40}},"48":{"start":{"line":110,"column":8},"end":{"line":110,"column":14}},"49":{"start":{"line":114,"column":2},"end":{"line":121,"column":5}},"50":{"start":{"line":115,"column":4},"end":{"line":115,"column":52}},"51":{"start":{"line":118,"column":4},"end":{"line":120,"column":5}},"52":{"start":{"line":119,"column":6},"end":{"line":119,"column":30}},"53":{"start":{"line":129,"column":20},"end":{"line":131,"column":4}},"54":{"start":{"line":132,"column":2},"end":{"line":142,"column":5}},"55":{"start":{"line":133,"column":4},"end":{"line":133,"column":54}},"56":{"start":{"line":135,"column":4},"end":{"line":135,"column":67}},"57":{"start":{"line":135,"column":33},"end":{"line":135,"column":65}},"58":{"start":{"line":137,"column":4},"end":{"line":137,"column":64}},"59":{"start":{"line":137,"column":42},"end":{"line":137,"column":62}},"60":{"start":{"line":139,"column":4},"end":{"line":141,"column":7}},"61":{"start":{"line":140,"column":6},"end":{"line":140,"column":28}},"62":{"start":{"line":152,"column":18},"end":{"line":152,"column":55}},"63":{"start":{"line":153,"column":2},"end":{"line":166,"column":5}},"64":{"start":{"line":154,"column":4},"end":{"line":165,"column":5}},"65":{"start":{"line":155,"column":6},"end":{"line":155,"column":23}},"66":{"start":{"line":156,"column":6},"end":{"line":158,"column":9}},"67":{"start":{"line":159,"column":6},"end":{"line":159,"column":50}},"68":{"start":{"line":161,"column":6},"end":{"line":163,"column":9}},"69":{"start":{"line":164,"column":6},"end":{"line":164,"column":34}},"70":{"start":{"line":175,"column":2},"end":{"line":179,"column":3}},"71":{"start":{"line":176,"column":4},"end":{"line":176,"column":24}},"72":{"start":{"line":178,"column":4},"end":{"line":178,"column":47}},"73":{"start":{"line":188,"column":2},"end":{"line":192,"column":3}},"74":{"start":{"line":189,"column":4},"end":{"line":189,"column":51}},"75":{"start":{"line":190,"column":9},"end":{"line":192,"column":3}},"76":{"start":{"line":191,"column":4},"end":{"line":191,"column":54}}},"fnMap":{"0":{"name":"visualise","decl":{"start":{"line":46,"column":9},"end":{"line":46,"column":18}},"loc":{"start":{"line":46,"column":28},"end":{"line":63,"column":1}},"line":46},"1":{"name":"setPort","decl":{"start":{"line":70,"column":9},"end":{"line":70,"column":16}},"loc":{"start":{"line":70,"column":29},"end":{"line":74,"column":1}},"line":70},"2":{"name":"shouldOpenBrowser","decl":{"start":{"line":81,"column":9},"end":{"line":81,"column":26}},"loc":{"start":{"line":81,"column":40},"end":{"line":87,"column":1}},"line":81},"3":{"name":"startServer","decl":{"start":{"line":93,"column":9},"end":{"line":93,"column":20}},"loc":{"start":{"line":93,"column":27},"end":{"line":122,"column":1}},"line":93},"4":{"name":"(anonymous_4)","decl":{"start":{"line":94,"column":33},"end":{"line":94,"column":34}},"loc":{"start":{"line":94,"column":47},"end":{"line":112,"column":3}},"line":94},"5":{"name":"(anonymous_5)","decl":{"start":{"line":114,"column":26},"end":{"line":114,"column":27}},"loc":{"start":{"line":114,"column":40},"end":{"line":121,"column":3}},"line":114},"6":{"name":"setWebsocket","decl":{"start":{"line":128,"column":9},"end":{"line":128,"column":21}},"loc":{"start":{"line":128,"column":24},"end":{"line":143,"column":1}},"line":128},"7":{"name":"(anonymous_7)","decl":{"start":{"line":132,"column":26},"end":{"line":132,"column":27}},"loc":{"start":{"line":132,"column":39},"end":{"line":142,"column":3}},"line":132},"8":{"name":"(anonymous_8)","decl":{"start":{"line":135,"column":27},"end":{"line":135,"column":28}},"loc":{"start":{"line":135,"column":33},"end":{"line":135,"column":65}},"line":135},"9":{"name":"(anonymous_9)","decl":{"start":{"line":137,"column":29},"end":{"line":137,"column":30}},"loc":{"start":{"line":137,"column":42},"end":{"line":137,"column":62}},"line":137},"10":{"name":"(anonymous_10)","decl":{"start":{"line":139,"column":24},"end":{"line":139,"column":25}},"loc":{"start":{"line":139,"column":34},"end":{"line":141,"column":5}},"line":139},"11":{"name":"renderFile","decl":{"start":{"line":151,"column":9},"end":{"line":151,"column":19}},"loc":{"start":{"line":151,"column":57},"end":{"line":167,"column":1}},"line":151},"12":{"name":"(anonymous_12)","decl":{"start":{"line":153,"column":23},"end":{"line":153,"column":24}},"loc":{"start":{"line":153,"column":38},"end":{"line":166,"column":3}},"line":153},"13":{"name":"validateJSON","decl":{"start":{"line":174,"column":9},"end":{"line":174,"column":21}},"loc":{"start":{"line":174,"column":31},"end":{"line":180,"column":1}},"line":174},"14":{"name":"validatePort","decl":{"start":{"line":187,"column":9},"end":{"line":187,"column":21}},"loc":{"start":{"line":187,"column":28},"end":{"line":193,"column":1}},"line":187}},"branchMap":{"0":{"loc":{"start":{"line":51,"column":2},"end":{"line":62,"column":3}},"type":"if","locations":[{"start":{"line":51,"column":2},"end":{"line":62,"column":3}},{"start":{"line":51,"column":2},"end":{"line":62,"column":3}}],"line":51},"1":{"loc":{"start":{"line":58,"column":9},"end":{"line":62,"column":3}},"type":"if","locations":[{"start":{"line":58,"column":9},"end":{"line":62,"column":3}},{"start":{"line":58,"column":9},"end":{"line":62,"column":3}}],"line":58},"2":{"loc":{"start":{"line":81,"column":27},"end":{"line":81,"column":38}},"type":"default-arg","locations":[{"start":{"line":81,"column":34},"end":{"line":81,"column":38}}],"line":81},"3":{"loc":{"start":{"line":82,"column":2},"end":{"line":84,"column":3}},"type":"if","locations":[{"start":{"line":82,"column":2},"end":{"line":84,"column":3}},{"start":{"line":82,"column":2},"end":{"line":84,"column":3}}],"line":82},"4":{"loc":{"start":{"line":95,"column":4},"end":{"line":111,"column":5}},"type":"switch","locations":[{"start":{"line":96,"column":6},"end":{"line":98,"column":14}},{"start":{"line":99,"column":6},"end":{"line":101,"column":14}},{"start":{"line":102,"column":6},"end":{"line":104,"column":14}},{"start":{"line":105,"column":6},"end":{"line":110,"column":14}}],"line":95},"5":{"loc":{"start":{"line":118,"column":4},"end":{"line":120,"column":5}},"type":"if","locations":[{"start":{"line":118,"column":4},"end":{"line":120,"column":5}},{"start":{"line":118,"column":4},"end":{"line":120,"column":5}}],"line":118},"6":{"loc":{"start":{"line":154,"column":4},"end":{"line":165,"column":5}},"type":"if","locations":[{"start":{"line":154,"column":4},"end":{"line":165,"column":5}},{"start":{"line":154,"column":4},"end":{"line":165,"column":5}}],"line":154},"7":{"loc":{"start":{"line":188,"column":2},"end":{"line":192,"column":3}},"type":"if","locations":[{"start":{"line":188,"column":2},"end":{"line":192,"column":3}},{"start":{"line":188,"column":2},"end":{"line":192,"column":3}}],"line":188},"8":{"loc":{"start":{"line":190,"column":9},"end":{"line":192,"column":3}},"type":"if","locations":[{"start":{"line":190,"column":9},"end":{"line":192,"column":3}},{"start":{"line":190,"column":9},"end":{"line":192,"column":3}}],"line":190},"9":{"loc":{"start":{"line":190,"column":13},"end":{"line":190,"column":42}},"type":"binary-expr","locations":[{"start":{"line":190,"column":13},"end":{"line":190,"column":25}},{"start":{"line":190,"column":29},"end":{"line":190,"column":42}}],"line":190}},"s":{"0":1,"1":1,"2":1,"3":1,"4":1,"5":1,"6":1,"7":1,"8":1,"9":1,"10":1,"11":1,"12":1,"13":1,"14":1,"15":1,"16":1,"17":1,"18":1,"19":1,"20":1,"21":1,"22":1114,"23":1110,"24":1,"25":1,"26":1,"27":1,"28":1109,"29":0,"30":1109,"31":6,"32":1,"33":1,"34":6,"35":5,"36":1,"37":1,"38":1,"39":0,"40":0,"41":0,"42":0,"43":0,"44":0,"45":0,"46":0,"47":0,"48":0,"49":1,"50":1,"51":1,"52":0,"53":1,"54":1,"55":1,"56":1,"57":0,"58":1,"59":0,"60":1,"61":1,"62":0,"63":0,"64":0,"65":0,"66":0,"67":0,"68":0,"69":0,"70":1114,"71":1114,"72":4,"73":6,"74":3,"75":3,"76":2},"f":{"0":1114,"1":6,"2":6,"3":1,"4":0,"5":1,"6":1,"7":1,"8":0,"9":0,"10":1,"11":0,"12":0,"13":1114,"14":6},"b":{"0":[1,1109],"1":[0,1109],"2":[0],"3":[5,1],"4":[0,0,0,0],"5":[0,1],"6":[0,0],"7":[3,3],"8":[2,1],"9":[3,1]},"_coverageSchema":"1a1c01bbd47fc00a2c39e90264f33305004495a9","hash":"c41def2783829d42c9260130912f3180f2f746b7"}
}
