TN:
SF:src/errorMessages.js
FNF:0
FNH:0
DA:1,1
DA:2,1
DA:3,1
DA:4,1
DA:6,1
LF:5
LH:5
BRF:0
BRH:0
end_of_record
TN:
SF:src/index.js
FN:46,visualise
FN:70,setPort
FN:81,shouldOpenBrowser
FN:93,startServer
FN:94,(anonymous_4)
FN:114,(anonymous_5)
FN:128,setWebsocket
FN:132,(anonymous_7)
FN:135,(anonymous_8)
FN:137,(anonymous_9)
FN:139,(anonymous_10)
FN:151,renderFile
FN:153,(anonymous_12)
FN:174,validateJSON
FN:187,validatePort
FNF:15
FNH:10
FNDA:1114,visualise
FNDA:6,setPort
FNDA:6,shouldOpenBrowser
FNDA:1,startServer
FNDA:0,(anonymous_4)
FNDA:1,(anonymous_5)
FNDA:1,setWebsocket
FNDA:1,(anonymous_7)
FNDA:0,(anonymous_8)
FNDA:0,(anonymous_9)
FNDA:1,(anonymous_10)
FNDA:0,renderFile
FNDA:0,(anonymous_12)
FNDA:1114,validateJSON
FNDA:6,validatePort
DA:1,1
DA:2,1
DA:3,1
DA:4,1
DA:5,1
DA:6,1
DA:11,1
DA:12,1
DA:13,1
DA:15,1
DA:16,1
DA:17,1
DA:19,1
DA:20,1
DA:24,1
DA:25,1
DA:26,1
DA:27,1
DA:29,1
DA:33,1
DA:35,1
DA:40,1
DA:48,1114
DA:51,1110
DA:52,1
DA:54,1
DA:56,1
DA:57,1
DA:58,1109
DA:59,0
DA:61,1109
DA:71,6
DA:72,1
DA:73,1
DA:82,6
DA:83,5
DA:85,1
DA:86,1
DA:94,1
DA:95,0
DA:97,0
DA:98,0
DA:100,0
DA:101,0
DA:103,0
DA:104,0
DA:106,0
DA:109,0
DA:110,0
DA:114,1
DA:115,1
DA:118,1
DA:119,0
DA:129,1
DA:132,1
DA:133,1
DA:135,1
DA:137,1
DA:139,1
DA:140,1
DA:152,0
DA:153,0
DA:154,0
DA:155,0
DA:156,0
DA:159,0
DA:161,0
DA:164,0
DA:175,1114
DA:176,1114
DA:178,4
DA:188,6
DA:189,3
DA:190,3
DA:191,2
LF:75
LH:55
BRDA:51,0,0,1
BRDA:51,0,1,1109
BRDA:58,1,0,0
BRDA:58,1,1,1109
BRDA:81,2,0,0
BRDA:82,3,0,5
BRDA:82,3,1,1
BRDA:95,4,0,0
BRDA:95,4,1,0
BRDA:95,4,2,0
BRDA:95,4,3,0
BRDA:118,5,0,0
BRDA:118,5,1,1
BRDA:154,6,0,0
BRDA:154,6,1,0
BRDA:188,7,0,3
BRDA:188,7,1,3
BRDA:190,8,0,2
BRDA:190,8,1,1
BRDA:190,9,0,3
BRDA:190,9,1,1
BRF:21
BRH:12
end_of_record
